# JRE version: OpenJDK Runtime Environment (17.0.11) (build 17.0.11+0--11852314)
# Java VM: OpenJDK 64-Bit Server VM (17.0.11+0--11852314, mixed mode, tiered, compressed oops, compressed class ptrs, g1 gc, windows-amd64)
GC Precious Log:
 CPUs: 8 total, 8 available
 Memory: 16256M
 Large Page Support: Disabled
 NUMA Support: Disabled
 Compressed Oops: Enabled (32-bit)
 Heap Region Size: 1M
 Heap Min Capacity: 8M
 Heap Initial Capacity: 256M
 Heap Max Capacity: 2G
 Pre-touch: Disabled
 Parallel Workers: 8
 Concurrent Workers: 2
 Concurrent Refinement Workers: 8
 Periodic GC: Disabled
Heap:
 garbage-first heap   total 322560K, used 131155K [0x0000000080000000, 0x0000000100000000)
  region size 1024K, 2 young (2048K), 2 survivors (2048K)
 Metaspace       used 150893K, committed 152000K, reserved 1245184K
  class space    used 19979K, committed 20544K, reserved 1048576K
GC Heap History (20 events):
Event: 981.597 GC heap after
{Heap after GC invocations=81 (full 0):
 garbage-first heap   total 322560K, used 133818K [0x0000000080000000, 0x0000000100000000)
  region size 1024K, 5 young (5120K), 5 survivors (5120K)
 Metaspace       used 147646K, committed 148608K, reserved 1179648K
  class space    used 19954K, committed 20416K, reserved 1048576K
}
Event: 984.045 GC heap before
{Heap before GC invocations=82 (full 0):
 garbage-first heap   total 322560K, used 272058K [0x0000000080000000, 0x0000000100000000)
  region size 1024K, 131 young (134144K), 5 survivors (5120K)
 Metaspace       used 153052K, committed 154112K, reserved 1245184K
  class space    used 20408K, committed 20928K, reserved 1048576K
}
Event: 984.050 GC heap after
{Heap after GC invocations=83 (full 0):
 garbage-first heap   total 322560K, used 137028K [0x0000000080000000, 0x0000000100000000)
  region size 1024K, 6 young (6144K), 6 survivors (6144K)
 Metaspace       used 153052K, committed 154112K, reserved 1245184K
  class space    used 20408K, committed 20928K, reserved 1048576K
}
Event: 984.093 GC heap before
{Heap before GC invocations=83 (full 0):
 garbage-first heap   total 322560K, used 145220K [0x0000000080000000, 0x0000000100000000)
  region size 1024K, 15 young (15360K), 6 survivors (6144K)
 Metaspace       used 153119K, committed 154176K, reserved 1245184K
  class space    used 20408K, committed 20928K, reserved 1048576K
}
Event: 984.102 GC heap after
{Heap after GC invocations=84 (full 0):
 garbage-first heap   total 322560K, used 133689K [0x0000000080000000, 0x0000000100000000)
  region size 1024K, 2 young (2048K), 2 survivors (2048K)
 Metaspace       used 153119K, committed 154176K, reserved 1245184K
  class space    used 20408K, committed 20928K, reserved 1048576K
}
Event: 985.200 GC heap before
{Heap before GC invocations=84 (full 0):
 garbage-first heap   total 322560K, used 227897K [0x0000000080000000, 0x0000000100000000)
  region size 1024K, 96 young (98304K), 2 survivors (2048K)
 Metaspace       used 154529K, committed 155584K, reserved 1245184K
  class space    used 20424K, committed 20928K, reserved 1048576K
}
Event: 985.210 GC heap after
{Heap after GC invocations=85 (full 0):
 garbage-first heap   total 322560K, used 141863K [0x0000000080000000, 0x0000000100000000)
  region size 1024K, 10 young (10240K), 10 survivors (10240K)
 Metaspace       used 154529K, committed 155584K, reserved 1245184K
  class space    used 20424K, committed 20928K, reserved 1048576K
}
Event: 1135.047 GC heap before
{Heap before GC invocations=86 (full 0):
 garbage-first heap   total 322560K, used 286247K [0x0000000080000000, 0x0000000100000000)
  region size 1024K, 125 young (128000K), 10 survivors (10240K)
 Metaspace       used 150538K, committed 151552K, reserved 1245184K
  class space    used 20013K, committed 20544K, reserved 1048576K
}
Event: 1135.056 GC heap after
{Heap after GC invocations=87 (full 0):
 garbage-first heap   total 322560K, used 141545K [0x0000000080000000, 0x0000000100000000)
  region size 1024K, 9 young (9216K), 9 survivors (9216K)
 Metaspace       used 150538K, committed 151552K, reserved 1245184K
  class space    used 20013K, committed 20544K, reserved 1048576K
}
Event: 1135.117 GC heap before
{Heap before GC invocations=87 (full 0):
 garbage-first heap   total 322560K, used 147689K [0x0000000080000000, 0x0000000100000000)
  region size 1024K, 15 young (15360K), 9 survivors (9216K)
 Metaspace       used 150580K, committed 151616K, reserved 1245184K
  class space    used 20015K, committed 20544K, reserved 1048576K
}
Event: 1135.127 GC heap after
{Heap after GC invocations=88 (full 0):
 garbage-first heap   total 322560K, used 140485K [0x0000000080000000, 0x0000000100000000)
  region size 1024K, 2 young (2048K), 2 survivors (2048K)
 Metaspace       used 150580K, committed 151616K, reserved 1245184K
  class space    used 20015K, committed 20544K, reserved 1048576K
}
Event: 2643.069 GC heap before
{Heap before GC invocations=88 (full 0):
 garbage-first heap   total 322560K, used 260293K [0x0000000080000000, 0x0000000100000000)
  region size 1024K, 120 young (122880K), 2 survivors (2048K)
 Metaspace       used 150911K, committed 152000K, reserved 1245184K
  class space    used 20047K, committed 20544K, reserved 1048576K
}
Event: 2643.080 GC heap after
{Heap after GC invocations=89 (full 0):
 garbage-first heap   total 322560K, used 146204K [0x0000000080000000, 0x0000000100000000)
  region size 1024K, 8 young (8192K), 8 survivors (8192K)
 Metaspace       used 150911K, committed 152000K, reserved 1245184K
  class space    used 20047K, committed 20544K, reserved 1048576K
}
Event: 2645.112 GC heap before
{Heap before GC invocations=90 (full 0):
 garbage-first heap   total 322560K, used 292636K [0x0000000080000000, 0x0000000100000000)
  region size 1024K, 122 young (124928K), 8 survivors (8192K)
 Metaspace       used 150844K, committed 152000K, reserved 1245184K
  class space    used 19978K, committed 20544K, reserved 1048576K
}
Event: 2645.125 GC heap after
{Heap after GC invocations=91 (full 0):
 garbage-first heap   total 322560K, used 154122K [0x0000000080000000, 0x0000000100000000)
  region size 1024K, 16 young (16384K), 16 survivors (16384K)
 Metaspace       used 150844K, committed 152000K, reserved 1245184K
  class space    used 19978K, committed 20544K, reserved 1048576K
}
Event: 2645.141 GC heap before
{Heap before GC invocations=91 (full 0):
 garbage-first heap   total 322560K, used 155146K [0x0000000080000000, 0x0000000100000000)
  region size 1024K, 17 young (17408K), 16 survivors (16384K)
 Metaspace       used 150844K, committed 152000K, reserved 1245184K
  class space    used 19978K, committed 20544K, reserved 1048576K
}
Event: 2645.163 GC heap after
{Heap after GC invocations=92 (full 0):
 garbage-first heap   total 322560K, used 133159K [0x0000000080000000, 0x0000000100000000)
  region size 1024K, 3 young (3072K), 3 survivors (3072K)
 Metaspace       used 150844K, committed 152000K, reserved 1245184K
  class space    used 19978K, committed 20544K, reserved 1048576K
}
Event: 2645.273 GC heap before
{Heap before GC invocations=92 (full 0):
 garbage-first heap   total 322560K, used 145447K [0x0000000080000000, 0x0000000100000000)
  region size 1024K, 15 young (15360K), 3 survivors (3072K)
 Metaspace       used 150888K, committed 152000K, reserved 1245184K
  class space    used 19978K, committed 20544K, reserved 1048576K
}
Event: 2645.282 GC heap after
{Heap after GC invocations=93 (full 0):
 garbage-first heap   total 322560K, used 130868K [0x0000000080000000, 0x0000000100000000)
  region size 1024K, 2 young (2048K), 2 survivors (2048K)
 Metaspace       used 150888K, committed 152000K, reserved 1245184K
  class space    used 19978K, committed 20544K, reserved 1048576K
}
Event: 2645.354 GC heap before
{Heap before GC invocations=93 (full 0):
 garbage-first heap   total 322560K, used 138036K [0x0000000080000000, 0x0000000100000000)
  region size 1024K, 10 young (10240K), 2 survivors (2048K)
 Metaspace       used 150893K, committed 152000K, reserved 1245184K
  class space    used 19979K, committed 20544K, reserved 1048576K
}

